<?xml version="1.0" encoding="UTF-8"?>
<testng-results ignored="0" total="2" passed="2" failed="0" skipped="0">
  <reporter-output>
  </reporter-output>
  <suite started-at="2024-07-12T17:36:02 IST" name="Default suite" finished-at="2024-07-12T17:36:50 IST" duration-ms="47406">
    <groups>
      <group name="SmokeSuite">
        <method signature="CreateNewContactTest.CreateNewContactWithMandatoryfields()[pri:0, instance:contactsTests.CreateNewContactTest@738dc9b]" name="CreateNewContactWithMandatoryfields" class="contactsTests.CreateNewContactTest"/>
      </group> <!-- SmokeSuite -->
    </groups>
    <test started-at="2024-07-12T17:36:02 IST" name="Default test" finished-at="2024-07-12T17:36:50 IST" duration-ms="47406">
      <class name="contactsTests.CreateNewContactTest">
        <test-method is-config="true" signature="bsConfig()[pri:0, instance:contactsTests.CreateNewContactTest@738dc9b]" started-at="2024-07-12T17:36:02 IST" name="bsConfig" finished-at="2024-07-12T17:36:02 IST" duration-ms="12" status="PASS">
          <reporter-output>
          </reporter-output>
        </test-method> <!-- bsConfig -->
        <test-method is-config="true" signature="bcConfig()[pri:0, instance:contactsTests.CreateNewContactTest@738dc9b]" started-at="2024-07-12T17:36:03 IST" name="bcConfig" finished-at="2024-07-12T17:36:14 IST" duration-ms="10883" status="PASS">
          <reporter-output>
          </reporter-output>
        </test-method> <!-- bcConfig -->
        <test-method is-config="true" signature="bmConfig()[pri:0, instance:contactsTests.CreateNewContactTest@738dc9b]" started-at="2024-07-12T17:36:14 IST" name="bmConfig" finished-at="2024-07-12T17:36:18 IST" duration-ms="4229" status="PASS">
          <reporter-output>
          </reporter-output>
        </test-method> <!-- bmConfig -->
        <test-method signature="CreateNewContactWithMandatoryfields()[pri:0, instance:contactsTests.CreateNewContactTest@738dc9b]" started-at="2024-07-12T17:36:18 IST" name="CreateNewContactWithMandatoryfields" finished-at="2024-07-12T17:36:34 IST" duration-ms="16343" status="PASS">
          <reporter-output>
          </reporter-output>
        </test-method> <!-- CreateNewContactWithMandatoryfields -->
        <test-method is-config="true" signature="amConfig()[pri:0, instance:contactsTests.CreateNewContactTest@738dc9b]" started-at="2024-07-12T17:36:34 IST" name="amConfig" finished-at="2024-07-12T17:36:38 IST" duration-ms="3282" status="PASS">
          <reporter-output>
          </reporter-output>
        </test-method> <!-- amConfig -->
        <test-method is-config="true" signature="bmConfig()[pri:0, instance:contactsTests.CreateNewContactTest@738dc9b]" started-at="2024-07-12T17:36:38 IST" name="bmConfig" finished-at="2024-07-12T17:36:41 IST" duration-ms="3770" status="PASS">
          <reporter-output>
          </reporter-output>
        </test-method> <!-- bmConfig -->
        <test-method signature="sample()[pri:0, instance:contactsTests.CreateNewContactTest@738dc9b]" started-at="2024-07-12T17:36:41 IST" name="sample" finished-at="2024-07-12T17:36:41 IST" duration-ms="10" status="PASS">
          <reporter-output>
          </reporter-output>
        </test-method> <!-- sample -->
        <test-method is-config="true" signature="amConfig()[pri:0, instance:contactsTests.CreateNewContactTest@738dc9b]" started-at="2024-07-12T17:36:41 IST" name="amConfig" finished-at="2024-07-12T17:36:47 IST" duration-ms="5687" status="PASS">
          <reporter-output>
          </reporter-output>
        </test-method> <!-- amConfig -->
        <test-method is-config="true" signature="acConfig()[pri:0, instance:contactsTests.CreateNewContactTest@738dc9b]" started-at="2024-07-12T17:36:47 IST" name="acConfig" finished-at="2024-07-12T17:36:50 IST" duration-ms="2569" status="PASS">
          <reporter-output>
          </reporter-output>
        </test-method> <!-- acConfig -->
        <test-method is-config="true" signature="asConfig()[pri:0, instance:contactsTests.CreateNewContactTest@738dc9b]" started-at="2024-07-12T17:36:50 IST" name="asConfig" finished-at="2024-07-12T17:36:50 IST" duration-ms="10" status="PASS">
          <reporter-output>
          </reporter-output>
        </test-method> <!-- asConfig -->
      </class> <!-- contactsTests.CreateNewContactTest -->
    </test> <!-- Default test -->
  </suite> <!-- Default suite -->
</testng-results>
